<?xml version="1.0" encoding="UTF-8"?>
<testng-results ignored="2" total="7" passed="5" failed="0" skipped="0">
  <reporter-output>
  </reporter-output>
  <suite started-at="2021-05-22T13:46:18 IST" name="Booking Suite" finished-at="2021-05-22T13:46:18 IST" duration-ms="92">
    <groups>
    </groups>
    <test started-at="2021-05-22T13:46:18 IST" name="Create Booking-Without discount" finished-at="2021-05-22T13:46:18 IST" duration-ms="92">
      <class name="testcases.CustomerCommunication">
        <test-method signature="checkMail(org.testng.ITestContext)[pri:0, instance:testcases.CustomerCommunication@2d2e5f00]" started-at="2021-05-22T13:46:18 IST" name="checkMail" finished-at="2021-05-22T13:46:18 IST" duration-ms="0" status="PASS">
          <params>
            <param index="0">
              <value>
                <![CDATA[org.testng.TestRunner@79b06cab]]>
              </value>
            </param>
          </params>
          <reporter-output>
          </reporter-output>
        </test-method> <!-- checkMail -->
      </class> <!-- testcases.CustomerCommunication -->
      <class name="testcases.PaymentManager">
        <test-method signature="Payment(java.lang.String, org.testng.ITestContext)[pri:0, instance:testcases.PaymentManager@8b96fde]" started-at="2021-05-22T13:46:18 IST" name="Payment" finished-at="2021-05-22T13:46:18 IST" duration-ms="0" status="PASS">
          <params>
            <param index="0">
              <value>
                <![CDATA[Without-discount]]>
              </value>
            </param>
            <param index="1">
              <value>
                <![CDATA[org.testng.TestRunner@79b06cab]]>
              </value>
            </param>
          </params>
          <reporter-output>
          </reporter-output>
        </test-method> <!-- Payment -->
      </class> <!-- testcases.PaymentManager -->
      <class name="testcases.BookingHotel">
        <test-method signature="SearchHotel()[pri:0, instance:testcases.BookingHotel@15bb6bea]" started-at="2021-05-22T13:46:18 IST" name="SearchHotel" finished-at="2021-05-22T13:46:18 IST" duration-ms="15" status="PASS">
          <reporter-output>
          </reporter-output>
        </test-method> <!-- SearchHotel -->
        <test-method signature="SelectHotel()[pri:0, instance:testcases.BookingHotel@15bb6bea]" started-at="2021-05-22T13:46:18 IST" name="SelectHotel" finished-at="2021-05-22T13:46:18 IST" duration-ms="1" status="PASS">
          <reporter-output>
          </reporter-output>
        </test-method> <!-- SelectHotel -->
        <test-method signature="EnterGuestInfo()[pri:0, instance:testcases.BookingHotel@15bb6bea]" started-at="2021-05-22T13:46:18 IST" name="EnterGuestInfo" finished-at="2021-05-22T13:46:18 IST" duration-ms="0" status="PASS">
          <reporter-output>
          </reporter-output>
        </test-method> <!-- EnterGuestInfo -->
      </class> <!-- testcases.BookingHotel -->
    </test> <!-- Create Booking-Without discount -->
  </suite> <!-- Booking Suite -->
</testng-results>
