<?xml version="1.0" encoding="UTF-8"?>
<!-- Generated by org.testng.reporters.JUnitXMLReporter -->
<testsuite ignored="0" hostname="Gautam" failures="0" tests="4" name="Default test" time="0.085" errors="0" timestamp="2021-04-22T08:09:51 IST">
  <testcase classname="test_suitea.CreateUser" name="createusers" time="0.015"/>
  <testcase classname="test_suitea.CreateUser" name="createusers" time="0.001"/>
  <testcase classname="test_suitea.CreateUser" name="deleteuser" time="0.001"/>
  <testcase classname="test_suitea.CreateUser" name="deleteuser" time="0.002"/>
</testsuite> <!-- Default test -->
