<?xml version="1.0" encoding="UTF-8"?>
<!-- Generated by org.testng.reporters.JUnitXMLReporter -->
<testsuite ignored="7" hostname="Gautam" failures="0" tests="3" name="Add_new_stock" time="64.5" errors="0" timestamp="2021-05-30T11:32:28 IST">
  <testcase classname="testRediff.PortFolioManagement" name="selectPortfolio" time="46.135"/>
  <testcase classname="testRediff.StockManagement" name="AddStock" time="7.948"/>
  <testcase classname="testRediff.StockManagement" name="VerifyStockInList" time="0.063"/>
  <testcase classname="testRediff.StockManagement" name="TransactionHistory" time="0.0">
    <ignored/>
  </testcase> <!-- TransactionHistory -->
  <testcase classname="testBase.BaseTest" name="@BeforeTest beforeTest" time="0.0">
    <ignored/>
  </testcase> <!-- @BeforeTest beforeTest -->
  <testcase classname="testRediff.StockManagement" name="verifyQuantity" time="0.0">
    <ignored/>
  </testcase> <!-- verifyQuantity -->
  <testcase classname="testRediff.PortFolioManagement" name="createPortfolio" time="0.0">
    <ignored/>
  </testcase> <!-- createPortfolio -->
  <testcase classname="testRediff.StockManagement" name="ModifyStock" time="0.0">
    <ignored/>
  </testcase> <!-- ModifyStock -->
  <testcase classname="testBase.BaseTest" name="@AfterTest quit" time="0.0">
    <ignored/>
  </testcase> <!-- @AfterTest quit -->
  <testcase classname="testRediff.PortFolioManagement" name="deleteportfolio" time="0.0">
    <ignored/>
  </testcase> <!-- deleteportfolio -->
</testsuite> <!-- Add_new_stock -->
