<?xml version="1.0" encoding="UTF-8"?>
<!-- Generated by org.testng.reporters.JUnitXMLReporter -->
<testsuite ignored="4" hostname="Gautam" failures="0" tests="2" name="Create_Portfolio_Test" time="17.924" errors="0" timestamp="2021-05-26T14:24:30 IST">
  <testcase classname="testRediff.Session" name="dologin" time="5.029"/>
  <testcase classname="testRediff.PortFolioManagement" name="createPortfolio" time="12.346"/>
  <testcase classname="testBase.BaseTest" name="@BeforeTest beforeTest" time="0.0">
    <ignored/>
  </testcase> <!-- @BeforeTest beforeTest -->
  <testcase classname="testBase.BaseTest" name="@AfterTest quit" time="0.0">
    <ignored/>
  </testcase> <!-- @AfterTest quit -->
  <testcase classname="testRediff.Session" name="DoLogOut" time="0.0">
    <ignored/>
  </testcase> <!-- DoLogOut -->
  <testcase classname="testRediff.PortFolioManagement" name="deleteportfolio" time="0.0">
    <ignored/>
  </testcase> <!-- deleteportfolio -->
</testsuite> <!-- Create_Portfolio_Test -->
