<?xml version="1.0" encoding="UTF-8"?>
<!-- Generated by org.testng.reporters.JUnitXMLReporter -->
<testsuite ignored="2" hostname="Gautam" failures="0" tests="0" time="6.353" errors="0" timestamp="2021-05-27T11:29:24 IST">
  <testcase classname="testRediff.PortFolioManagement" name="createPortfolio" time="0.0">
    <ignored/>
  </testcase> <!-- createPortfolio -->
  <testcase classname="testRediff.PortFolioManagement" name="deleteportfolio" time="0.0">
    <ignored/>
  </testcase> <!-- deleteportfolio -->
</testsuite>
