<?xml version="1.0" encoding="UTF-8"?>
<!-- Generated by org.testng.reporters.JUnitXMLReporter -->
<testsuite ignored="1" hostname="Gautam" failures="0" tests="1" name="Select_Portfolio" time="26.735" errors="0" timestamp="2021-05-27T11:47:48 IST">
  <testcase classname="testRediff.PortFolioManagement" name="selectPortfolio" time="20.401"/>
  <testcase classname="testRediff.PortFolioManagement" name="createPortfolio" time="0.0">
    <ignored/>
  </testcase> <!-- createPortfolio -->
</testsuite> <!-- Select_Portfolio -->
