<?xml version="1.0" encoding="UTF-8"?>
<testng-results ignored="0" total="1" passed="1" failed="0" skipped="0">
  <reporter-output>
  </reporter-output>
  <suite started-at="2021-05-03T20:39:27 IST" name="Default suite" finished-at="2021-05-03T20:40:48 IST" duration-ms="81081">
    <groups>
    </groups>
    <test started-at="2021-05-03T20:39:27 IST" name="Default test" finished-at="2021-05-03T20:40:48 IST" duration-ms="81081">
      <class name="suiteA.Sakara_Appoitment">
        <test-method signature="appoint_test()[pri:0, instance:suiteA.Sakara_Appoitment@3d1cfad4]" started-at="2021-05-03T20:39:27 IST" name="appoint_test" finished-at="2021-05-03T20:40:48 IST" duration-ms="81009" status="PASS">
          <reporter-output>
          </reporter-output>
        </test-method> <!-- appoint_test -->
      </class> <!-- suiteA.Sakara_Appoitment -->
    </test> <!-- Default test -->
  </suite> <!-- Default suite -->
</testng-results>
