<?xml version="1.0" encoding="UTF-8"?>
<testng-results ignored="0" total="6" passed="6" failed="0" skipped="0">
  <reporter-output>
  </reporter-output>
  <suite started-at="2021-04-22T08:10:18 IST" name="Suite" finished-at="2021-04-22T08:10:18 IST" duration-ms="110">
    <groups>
    </groups>
    <test started-at="2021-04-22T08:10:18 IST" name="Test" finished-at="2021-04-22T08:10:18 IST" duration-ms="110">
      <class name="test_suitea.CreateUser">
        <test-method signature="createusers(java.lang.String, java.lang.String, int)[pri:0, instance:test_suitea.CreateUser@2898ac89]" started-at="2021-04-22T08:10:18 IST" name="createusers" data-provider="getData" finished-at="2021-04-22T08:10:18 IST" duration-ms="9" status="PASS">
          <params>
            <param index="0">
              <value>
                <![CDATA[Chrome]]>
              </value>
            </param>
            <param index="1">
              <value>
                <![CDATA[Admin]]>
              </value>
            </param>
            <param index="2">
              <value>
                <![CDATA[1234]]>
              </value>
            </param>
          </params>
          <reporter-output>
          </reporter-output>
        </test-method> <!-- createusers -->
        <test-method signature="createusers(java.lang.String, java.lang.String, int)[pri:0, instance:test_suitea.CreateUser@2898ac89]" started-at="2021-04-22T08:10:18 IST" name="createusers" data-provider="getData" finished-at="2021-04-22T08:10:18 IST" duration-ms="3" status="PASS">
          <params>
            <param index="0">
              <value>
                <![CDATA[Mozilla]]>
              </value>
            </param>
            <param index="1">
              <value>
                <![CDATA[Non Admin]]>
              </value>
            </param>
            <param index="2">
              <value>
                <![CDATA[3456]]>
              </value>
            </param>
          </params>
          <reporter-output>
          </reporter-output>
        </test-method> <!-- createusers -->
        <test-method signature="deleteuser(java.lang.String, java.lang.String, int)[pri:0, instance:test_suitea.CreateUser@2898ac89]" started-at="2021-04-22T08:10:18 IST" name="deleteuser" data-provider="getData" finished-at="2021-04-22T08:10:18 IST" duration-ms="2" status="PASS">
          <params>
            <param index="0">
              <value>
                <![CDATA[Chrome]]>
              </value>
            </param>
            <param index="1">
              <value>
                <![CDATA[Admin]]>
              </value>
            </param>
            <param index="2">
              <value>
                <![CDATA[1234]]>
              </value>
            </param>
          </params>
          <reporter-output>
          </reporter-output>
        </test-method> <!-- deleteuser -->
        <test-method signature="deleteuser(java.lang.String, java.lang.String, int)[pri:0, instance:test_suitea.CreateUser@2898ac89]" started-at="2021-04-22T08:10:18 IST" name="deleteuser" data-provider="getData" finished-at="2021-04-22T08:10:18 IST" duration-ms="3" status="PASS">
          <params>
            <param index="0">
              <value>
                <![CDATA[Mozilla]]>
              </value>
            </param>
            <param index="1">
              <value>
                <![CDATA[Non Admin]]>
              </value>
            </param>
            <param index="2">
              <value>
                <![CDATA[3456]]>
              </value>
            </param>
          </params>
          <reporter-output>
          </reporter-output>
        </test-method> <!-- deleteuser -->
      </class> <!-- test_suitea.CreateUser -->
      <class name="test_suitea.Login">
        <test-method is-config="true" signature="InitializeBrowser()[pri:0, instance:test_suitea.Login@6e509ffa]" started-at="2021-04-22T08:10:18 IST" name="InitializeBrowser" finished-at="2021-04-22T08:10:18 IST" duration-ms="19" status="PASS">
          <reporter-output>
          </reporter-output>
        </test-method> <!-- InitializeBrowser -->
        <test-method is-config="true" signature="Before_Method()[pri:0, instance:test_suitea.Login@6e509ffa]" started-at="2021-04-22T08:10:18 IST" name="Before_Method" finished-at="2021-04-22T08:10:18 IST" duration-ms="0" status="PASS">
          <reporter-output>
          </reporter-output>
        </test-method> <!-- Before_Method -->
        <test-method signature="doLogin()[pri:0, instance:test_suitea.Login@6e509ffa]" started-at="2021-04-22T08:10:18 IST" name="doLogin" finished-at="2021-04-22T08:10:18 IST" duration-ms="3" status="PASS">
          <reporter-output>
          </reporter-output>
        </test-method> <!-- doLogin -->
        <test-method is-config="true" signature="After_Method()[pri:0, instance:test_suitea.Login@6e509ffa]" started-at="2021-04-22T08:10:18 IST" name="After_Method" finished-at="2021-04-22T08:10:18 IST" duration-ms="0" status="PASS">
          <reporter-output>
          </reporter-output>
        </test-method> <!-- After_Method -->
        <test-method is-config="true" signature="Before_Method()[pri:0, instance:test_suitea.Login@6e509ffa]" started-at="2021-04-22T08:10:18 IST" name="Before_Method" finished-at="2021-04-22T08:10:18 IST" duration-ms="0" status="PASS">
          <reporter-output>
          </reporter-output>
        </test-method> <!-- Before_Method -->
        <test-method signature="logout()[pri:0, instance:test_suitea.Login@6e509ffa]" started-at="2021-04-22T08:10:18 IST" name="logout" finished-at="2021-04-22T08:10:18 IST" duration-ms="1" status="PASS">
          <reporter-output>
          </reporter-output>
        </test-method> <!-- logout -->
        <test-method is-config="true" signature="After_Method()[pri:0, instance:test_suitea.Login@6e509ffa]" started-at="2021-04-22T08:10:18 IST" name="After_Method" finished-at="2021-04-22T08:10:18 IST" duration-ms="1" status="PASS">
          <reporter-output>
          </reporter-output>
        </test-method> <!-- After_Method -->
        <test-method is-config="true" signature="CloseBrowser()[pri:0, instance:test_suitea.Login@6e509ffa]" started-at="2021-04-22T08:10:18 IST" name="CloseBrowser" finished-at="2021-04-22T08:10:18 IST" duration-ms="0" status="PASS">
          <reporter-output>
          </reporter-output>
        </test-method> <!-- CloseBrowser -->
      </class> <!-- test_suitea.Login -->
    </test> <!-- Test -->
  </suite> <!-- Suite -->
</testng-results>
