<?xml version="1.0" encoding="UTF-8"?>
<!-- Generated by org.testng.reporters.JUnitXMLReporter -->
<testsuite ignored="0" hostname="Gautam" failures="0" tests="4" name="Create User" time="0.022" errors="0" timestamp="2021-04-21T11:44:06 IST">
  <testcase classname="testcases.CreateUser" name="createusers" time="0.001"/>
  <testcase classname="testcases.CreateUser" name="createusers" time="0.002"/>
  <testcase classname="testcases.CreateUser" name="deleteuser" time="0.002"/>
  <testcase classname="testcases.CreateUser" name="deleteuser" time="0.001"/>
</testsuite> <!-- Create User -->
