<?xml version="1.0" encoding="UTF-8"?>
<!-- Generated by org.testng.reporters.JUnitXMLReporter -->
<testsuite ignored="0" hostname="Gautam" failures="0" tests="5" name="Default test" time="42.312" errors="0" timestamp="2021-05-29T13:12:26 IST">
  <testcase classname="testRediff.StockManagement" name="AddStock" time="29.278"/>
  <testcase classname="testRediff.StockManagement" name="ModifyStock" time="0.0"/>
  <testcase classname="testRediff.StockManagement" name="TransactionHistory" time="0.001"/>
  <testcase classname="testRediff.StockManagement" name="VerifyStockInList" time="0.001"/>
  <testcase classname="testRediff.StockManagement" name="verifyQuantity" time="0.001"/>
</testsuite> <!-- Default test -->
