<?xml version="1.0" encoding="UTF-8"?>
<testng-results ignored="0" total="1" passed="1" failed="0" skipped="0">
  <reporter-output>
  </reporter-output>
  <suite started-at="2021-04-23T09:11:47 IST" name="Default suite" finished-at="2021-04-23T09:11:47 IST" duration-ms="800">
    <groups>
    </groups>
    <test started-at="2021-04-23T09:11:47 IST" name="Default test" finished-at="2021-04-23T09:11:47 IST" duration-ms="800">
      <class name="testcases.LoginTest">
        <test-method is-config="true" signature="init()[pri:0, instance:testcases.LoginTest@3246fb96]" started-at="2021-04-23T09:11:47 IST" name="init" finished-at="2021-04-23T09:11:47 IST" duration-ms="222" status="PASS">
          <reporter-output>
          </reporter-output>
        </test-method> <!-- init -->
        <test-method signature="login()[pri:0, instance:testcases.LoginTest@3246fb96]" started-at="2021-04-23T09:11:47 IST" name="login" finished-at="2021-04-23T09:11:47 IST" duration-ms="10" status="PASS">
          <reporter-output>
          </reporter-output>
        </test-method> <!-- login -->
        <test-method is-config="true" signature="quit()[pri:0, instance:testcases.LoginTest@3246fb96]" started-at="2021-04-23T09:11:47 IST" name="quit" finished-at="2021-04-23T09:11:47 IST" duration-ms="540" status="PASS">
          <reporter-output>
          </reporter-output>
        </test-method> <!-- quit -->
      </class> <!-- testcases.LoginTest -->
    </test> <!-- Default test -->
  </suite> <!-- Default suite -->
</testng-results>
