<?xml version="1.0" encoding="UTF-8"?>
<!-- Generated by org.testng.reporters.JUnitXMLReporter -->
<testsuite ignored="0" hostname="Gautam" failures="0" tests="4" name="Default test" time="0.099" errors="0" timestamp="2021-04-26T15:51:29 IST">
  <testcase classname="depedency.Dependency" name="buyproduct" time="0.017"/>
  <testcase classname="depedency.Dependency" name="confirmemail" time="0.003"/>
  <testcase classname="depedency.Dependency" name="searchproduct" time="0.002"/>
  <testcase classname="depedency.Dependency" name="select" time="0.002"/>
</testsuite> <!-- Default test -->
