<?xml version="1.0" encoding="UTF-8"?>
<!-- Generated by org.testng.reporters.JUnitXMLReporter -->
<testsuite ignored="4" hostname="Gautam" failures="0" tests="0" time="0.014" errors="0" timestamp="2021-04-26T15:52:34 IST">
  <testcase classname="depedency.Dependency" name="select" time="0.0">
    <ignored/>
  </testcase> <!-- select -->
  <testcase classname="depedency.Dependency" name="confirmemail" time="0.0">
    <ignored/>
  </testcase> <!-- confirmemail -->
  <testcase classname="depedency.Dependency" name="searchproduct" time="0.0">
    <ignored/>
  </testcase> <!-- searchproduct -->
  <testcase classname="depedency.Dependency" name="buyproduct" time="0.0">
    <ignored/>
  </testcase> <!-- buyproduct -->
</testsuite>
