<?xml version="1.0" encoding="UTF-8"?>
<!-- Generated by org.testng.reporters.JUnitXMLReporter -->
<testsuite ignored="0" hostname="Gautam" failures="0" tests="6" name="Test" time="0.097" errors="0" timestamp="2021-04-22T08:22:59 IST">
  <testcase classname="test_suitea.CreateUser" name="createusers" time="0.007"/>
  <testcase classname="test_suitea.CreateUser" name="createusers" time="0.002"/>
  <testcase classname="test_suitea.CreateUser" name="deleteuser" time="0.001"/>
  <testcase classname="test_suitea.CreateUser" name="deleteuser" time="0.0"/>
  <testcase classname="test_suitea.Login" name="doLogin" time="0.002"/>
  <testcase classname="test_suitea.Login" name="logout" time="0.001"/>
</testsuite> <!-- Test -->
