<?xml version="1.0" encoding="UTF-8"?>
<!-- Generated by org.testng.reporters.JUnitXMLReporter -->
<testsuite ignored="4" hostname="Gautam" failures="0" tests="3" name="Create Booking: With discount" time="0.002" errors="0" timestamp="2021-05-22T13:23:06 IST">
  <testcase classname="testcases.PaymentManager" name="Discount" time="0.0"/>
  <testcase classname="testcases.PaymentManager" name="Payment" time="0.0"/>
  <testcase classname="testcases.CustomerCommunication" name="checkMail" time="0.0"/>
  <testcase classname="testcases.BookingHotel" name="loadBooking" time="0.0">
    <ignored/>
  </testcase> <!-- loadBooking -->
  <testcase classname="testcases.BookingHotel" name="EnterGuestInfo" time="0.0">
    <ignored/>
  </testcase> <!-- EnterGuestInfo -->
  <testcase classname="testcases.BookingHotel" name="SearchHotel" time="0.0">
    <ignored/>
  </testcase> <!-- SearchHotel -->
  <testcase classname="testcases.BookingHotel" name="SelectHotel" time="0.0">
    <ignored/>
  </testcase> <!-- SelectHotel -->
</testsuite> <!-- Create Booking: With discount -->
