<?xml version="1.0" encoding="UTF-8"?>
<!-- Generated by org.testng.reporters.JUnitXMLReporter -->
<testsuite ignored="2" hostname="Gautam" failures="0" tests="5" name="Create Booking-Without discoun" time="0.036" errors="0" timestamp="2021-05-21T09:51:49 IST">
  <testcase classname="testcases.BookingHotel" name="SearchHotel" time="0.005"/>
  <testcase classname="testcases.BookingHotel" name="SelectHotel" time="0.0"/>
  <testcase classname="testcases.BookingHotel" name="EnterGuestInfo" time="0.0"/>
  <testcase classname="testcases.PaymentManager" name="Payment" time="0.0"/>
  <testcase classname="testcases.CustomerCommunication" name="checkMail" time="0.0"/>
  <testcase classname="testcases.PaymentManager" name="Discount" time="0.0">
    <ignored/>
  </testcase> <!-- Discount -->
  <testcase classname="testcases.BookingHotel" name="loadBooking" time="0.0">
    <ignored/>
  </testcase> <!-- loadBooking -->
</testsuite> <!-- Create Booking-Without discoun -->
