<?xml version="1.0" encoding="UTF-8"?>
<!-- Generated by org.testng.reporters.JUnitXMLReporter -->
<testsuite ignored="1" hostname="Gautam" failures="0" tests="6" name="Create Booking: Instant Pay,Apply discount " time="0.027" errors="0" timestamp="2021-05-21T09:37:34 IST">
  <testcase classname="testcases.BookingHotel" name="SearchHotel" time="0.002"/>
  <testcase classname="testcases.BookingHotel" name="SelectHotel" time="0.001"/>
  <testcase classname="testcases.BookingHotel" name="EnterGuestInfo" time="0.001"/>
  <testcase classname="testcases.PaymentManager" name="Discount" time="0.002"/>
  <testcase classname="testcases.PaymentManager" name="Payment" time="0.002"/>
  <testcase classname="testcases.CustomerCommunication" name="checkMail" time="0.002"/>
  <testcase classname="testcases.BookingHotel" name="loadBooking" time="0.0">
    <ignored/>
  </testcase> <!-- loadBooking -->
</testsuite> <!-- Create Booking: Instant Pay,Apply discount  -->
