<?xml version="1.0" encoding="UTF-8"?>
<!-- Generated by org.testng.reporters.JUnitXMLReporter -->
<testsuite ignored="2" hostname="Gautam" failures="0" tests="5" name="Create Booking-Without discount" time="0.092" errors="0" timestamp="2021-05-22T13:46:18 IST">
  <testcase classname="testcases.BookingHotel" name="SearchHotel" time="0.015"/>
  <testcase classname="testcases.BookingHotel" name="SelectHotel" time="0.001"/>
  <testcase classname="testcases.BookingHotel" name="EnterGuestInfo" time="0.0"/>
  <testcase classname="testcases.PaymentManager" name="Payment" time="0.0"/>
  <testcase classname="testcases.CustomerCommunication" name="checkMail" time="0.0"/>
  <testcase classname="testcases.PaymentManager" name="Discount" time="0.0">
    <ignored/>
  </testcase> <!-- Discount -->
  <testcase classname="testcases.BookingHotel" name="loadBooking" time="0.0">
    <ignored/>
  </testcase> <!-- loadBooking -->
</testsuite> <!-- Create Booking-Without discount -->
