<?xml version="1.0" encoding="UTF-8"?>
<!-- Generated by org.testng.reporters.JUnitXMLReporter -->
<testsuite ignored="0" hostname="Gautam" failures="0" tests="6" name="Create Booking: Pay@hotel,Apply discount " time="0.027" errors="0" timestamp="2021-05-20T11:30:19 IST">
  <testcase classname="testcases.BookingHotel" name="SearchHotel" time="0.002"/>
  <testcase classname="testcases.BookingHotel" name="SelectHotel" time="0.001"/>
  <testcase classname="testcases.BookingHotel" name="EnterGuestInfo" time="0.002"/>
  <testcase classname="testcases.PaymentManager" name="Discount" time="0.001"/>
  <testcase classname="testcases.PaymentManager" name="Payment" time="0.001"/>
  <testcase classname="testcases.CustomerCommunication" name="checkMail" time="0.002"/>
</testsuite> <!-- Create Booking: Pay@hotel,Apply discount  -->
