<?xml version="1.0" encoding="UTF-8"?>
<!-- Generated by org.testng.reporters.JUnitXMLReporter -->
<testsuite ignored="0" hostname="Gautam" failures="0" tests="6" name="Test Cases" time="0.081" errors="0" timestamp="2021-05-20T10:53:40 IST">
  <testcase classname="testcases.BookingHotel" name="SearchHotel" time="0.014"/>
  <testcase classname="testcases.BookingHotel" name="SelectHotel" time="0.001"/>
  <testcase classname="testcases.BookingHotel" name="EnterGuestInfo" time="0.0"/>
  <testcase classname="testcases.PaymentManager" name="Discount" time="0.002"/>
  <testcase classname="testcases.PaymentManager" name="Payment" time="0.002"/>
  <testcase classname="testcases.CustomerCommunication" name="checkMail" time="0.002"/>
</testsuite> <!-- Test Cases -->
