<?xml version="1.0" encoding="UTF-8"?>
<testng-results ignored="0" total="1" passed="1" failed="0" skipped="0">
  <reporter-output>
  </reporter-output>
  <suite started-at="2021-05-20T14:46:05 IST" name="My Suite" finished-at="2021-05-20T14:46:05 IST" duration-ms="33">
    <groups>
    </groups>
    <test started-at="2021-05-20T14:46:05 IST" name="Login Test" finished-at="2021-05-20T14:46:05 IST" duration-ms="33">
      <class name="testcase.Login">
        <test-method signature="doLogin()[pri:0, instance:testcase.Login@7bb58ca3]" started-at="2021-05-20T14:46:05 IST" name="doLogin" finished-at="2021-05-20T14:46:05 IST" duration-ms="6" status="PASS">
          <reporter-output>
          </reporter-output>
        </test-method> <!-- doLogin -->
      </class> <!-- testcase.Login -->
    </test> <!-- Login Test -->
  </suite> <!-- My Suite -->
</testng-results>
