<?xml version="1.0" encoding="UTF-8"?>
<!-- Generated by org.testng.reporters.JUnitXMLReporter -->
<testsuite ignored="0" hostname="Gautam" failures="1" tests="1" name="Test" time="107.842" errors="0" timestamp="2021-05-03T14:34:50 IST">
  <testcase classname="suiteA.Sakara_Appoitment" name="appoint_test" time="107.798">
    <failure type="java.lang.NullPointerException" message="Cannot invoke &amp;quot;org.testng.asserts.SoftAssert.fail(String)&amp;quot; because &amp;quot;this.softAssert&amp;quot; is null">
      <![CDATA[java.lang.NullPointerException: Cannot invoke "org.testng.asserts.SoftAssert.fail(String)" because "this.softAssert" is null
at testbase.Test_Base.failandStop(Test_Base.java:75)
at suiteA.Sakara_Appoitment.appoint_test(Sakara_Appoitment.java:30)
at java.base/java.util.ArrayList.forEach(ArrayList.java:1511)
... Removed 27 stack frames]]>
    </failure>
  </testcase> <!-- appoint_test -->
</testsuite> <!-- Test -->
