<?xml version="1.0" encoding="UTF-8"?>
<!-- Generated by org.testng.reporters.JUnitXMLReporter -->
<testsuite ignored="0" hostname="Gautam" failures="1" tests="1" name="Test AA" time="0.003" errors="0" timestamp="2021-04-26T13:06:30 IST">
  <testcase classname="suitea.TestAA" name="testAA" time="0.001">
    <failure type="org.testng.internal.reflect.MethodMatcherException" message="
[public void suitea.TestAA.testAA(java.lang.String,java.lang.String) throws java.lang.InterruptedException] has no parameters defined but was found to be using a data provider (either explicitly specified or inherited from class level annotation).
Data provider mismatch
Method: testAA([Parameter{index=0, type=java.lang.String, declaredAnnotations=[]}, Parameter{index=1, type=java.lang.String, declaredAnnotations=[]}])
Arguments: [(java.lang.String) chrome,(java.lang.String) USer 1,(java.lang.String) pwd1]">
      <![CDATA[org.testng.internal.reflect.MethodMatcherException: 
[public void suitea.TestAA.testAA(java.lang.String,java.lang.String) throws java.lang.InterruptedException] has no parameters defined but was found to be using a data provider (either explicitly specified or inherited from class level annotation).
Data provider mismatch
Method: testAA([Parameter{index=0, type=java.lang.String, declaredAnnotations=[]}, Parameter{index=1, type=java.lang.String, declaredAnnotations=[]}])
Arguments: [(java.lang.String) chrome,(java.lang.String) USer 1,(java.lang.String) pwd1]
at java.base/java.util.ArrayList.forEach(ArrayList.java:1511)
... Removed 23 stack frames]]>
    </failure>
  </testcase> <!-- testAA -->
</testsuite> <!-- Test AA -->
