<?xml version="1.0" encoding="UTF-8"?>
<!-- Generated by org.testng.reporters.JUnitXMLReporter -->
<testsuite ignored="0" hostname="Gautam" failures="0" tests="4" name="Test" time="0.014" errors="0" timestamp="2021-04-22T08:22:59 IST">
  <testcase classname="test_suiteb.SearchAndFindPhone" name="search" time="0.001"/>
  <testcase classname="test_suiteb.SearchAndFindPhone" name="selectphone" time="0.001"/>
  <testcase classname="test_suiteb.SearchAndFindPhone" name="Checkout" time="0.001"/>
  <testcase classname="test_suiteb.ValidateUserRegistration" name="validate" time="0.002"/>
</testsuite> <!-- Test -->
